# CPUC Meeting Monitor log. Each run appends timestamped (Pacific time) lines.
[2026-06-26 05:04:42 PDT] Run start: target meeting 2026-07-16 (Agenda #3584), 20 days out.
[2026-06-26 05:04:42 PDT] More than 12 days before meeting — no checks performed.
[2026-06-26 11:14:08 PDT] Run start: target meeting 2026-07-16 (Agenda #3584), 20 days out.
[2026-06-26 11:14:08 PDT] More than 12 days before meeting — no checks performed.
[2026-06-26 15:47:41 PDT] Run start: target meeting 2026-07-16 (Agenda #3584), 20 days out.
[2026-06-26 15:47:41 PDT] More than 12 days before meeting — no checks performed.
[2026-06-27 01:19:55 PDT] Run start: target meeting 2026-07-16 (Agenda #3584), 19 days out.
[2026-06-27 01:19:55 PDT] More than 12 days before meeting — no checks performed.
[2026-06-27 05:19:09 PDT] Run start: target meeting 2026-07-16 (Agenda #3584), 19 days out.
[2026-06-27 05:19:09 PDT] More than 12 days before meeting — no checks performed.
[2026-06-27 09:19:55 PDT] Run start: target meeting 2026-07-16 (Agenda #3584), 19 days out.
[2026-06-27 09:19:55 PDT] More than 12 days before meeting — no checks performed.
[2026-06-27 13:37:27 PDT] Run start: target meeting 2026-07-16 (Agenda #3584), 19 days out.
[2026-06-27 13:37:27 PDT] More than 12 days before meeting — no checks performed.
[2026-06-27 17:15:48 PDT] Run start: target meeting 2026-07-16 (Agenda #3584), 19 days out.
[2026-06-27 17:15:48 PDT] More than 12 days before meeting — no checks performed.
[2026-06-28 03:16:18 PDT] Run start: target meeting 2026-07-16 (Agenda #3584), 18 days out.
[2026-06-28 03:16:18 PDT] More than 12 days before meeting — no checks performed.
[2026-06-28 08:07:00 PDT] Run start: target meeting 2026-07-16 (Agenda #3584), 18 days out.
[2026-06-28 08:07:00 PDT] More than 12 days before meeting — no checks performed.
[2026-06-28 12:57:51 PDT] Run start: target meeting 2026-07-16 (Agenda #3584), 18 days out.
[2026-06-28 12:57:51 PDT] More than 12 days before meeting — no checks performed.
[2026-06-28 16:48:22 PDT] Run start: target meeting 2026-07-16 (Agenda #3584), 18 days out.
[2026-06-28 16:48:22 PDT] More than 12 days before meeting — no checks performed.
[2026-06-29 07:39:39 PDT] Run start: target meeting 2026-07-16 (Agenda #3584), 17 days out.
[2026-06-29 07:39:39 PDT] More than 12 days before meeting — no checks performed.
[2026-06-29 13:59:10 PDT] Run start: target meeting 2026-07-16 (Agenda #3584), 17 days out.
[2026-06-29 13:59:10 PDT] More than 12 days before meeting — no checks performed.
[2026-06-30 01:46:48 PDT] Run start: target meeting 2026-07-16 (Agenda #3584), 16 days out.
[2026-06-30 01:46:48 PDT] More than 12 days before meeting — no checks performed.
[2026-06-30 09:38:00 PDT] Run start: target meeting 2026-07-16 (Agenda #3584), 16 days out.
[2026-06-30 09:38:00 PDT] More than 12 days before meeting — no checks performed.
[2026-06-30 13:56:31 PDT] TEST_EMAIL set — sending a test email and exiting.
[2026-06-30 13:56:32 PDT] Email: sent via Brevo to 1 recipient(s).
[2026-06-30 13:56:32 PDT] Test email sent successfully.
[2026-06-30 14:01:58 PDT] TEST_EMAIL set — sending a test email and exiting.
[2026-06-30 14:01:59 PDT] Email: sent via Brevo to 1 recipient(s).
[2026-06-30 14:01:59 PDT] Test email sent successfully.
[2026-06-30 15:02:23 PDT] Run start: target meeting 2026-07-16 (Agenda #3584), 16 days out.
[2026-06-30 15:02:23 PDT] More than 12 days before meeting — no checks performed.
[2026-07-01 03:56:26 PDT] Run start: target meeting 2026-07-16 (Agenda #3584), 15 days out.
[2026-07-01 03:56:26 PDT] More than 12 days before meeting — no checks performed.
[2026-07-01 06:02:08 PDT] TEST_EMAIL set — sending a test email and exiting.
[2026-07-01 06:02:08 PDT] Email: sent via Brevo to 1 recipient(s).
[2026-07-01 06:02:08 PDT] Test email sent successfully.
[2026-07-01 06:06:50 PDT] TEST_EMAIL set — sending a test email and exiting.
[2026-07-01 06:06:51 PDT] Email: sent via Brevo to 1 recipient(s).
[2026-07-01 06:06:51 PDT] Test email sent successfully.
[2026-07-01 06:10:02 PDT] TEST_EMAIL set — sending a test email and exiting.
[2026-07-01 06:10:03 PDT] Email: sent via Brevo to 1 recipient(s).
[2026-07-01 06:10:03 PDT] Test email sent successfully.
[2026-07-01 07:15:26 PDT] TEST_EMAIL set — sending a test email and exiting.
[2026-07-01 07:15:27 PDT] Email: sent via Brevo to 3 recipient(s).
[2026-07-01 07:15:27 PDT] Test email sent successfully.
[2026-07-01 11:20:03 PDT] Run start: target meeting 2026-07-16 (Agenda #3584), 15 days out.
[2026-07-01 11:20:03 PDT] More than 12 days before meeting — no checks performed.
[2026-07-01 15:50:33 PDT] Run start: target meeting 2026-07-16 (Agenda #3584), 15 days out.
[2026-07-01 15:50:33 PDT] More than 12 days before meeting — no checks performed.
[2026-07-02 03:15:49 PDT] Run start: target meeting 2026-07-16 (Agenda #3584), 14 days out.
[2026-07-02 03:15:49 PDT] More than 12 days before meeting — no checks performed.
[2026-07-02 09:30:32 PDT] Run start: target meeting 2026-07-16 (Agenda #3584), 14 days out.
[2026-07-02 09:30:32 PDT] More than 12 days before meeting — no checks performed.
[2026-07-02 13:43:42 PDT] Run start: target meeting 2026-07-16 (Agenda #3584), 14 days out.
[2026-07-02 13:43:42 PDT] More than 12 days before meeting — no checks performed.
